<?xml version="1.0" encoding="UTF-8"?>
<testExecutions version="1">
  <file path="/home/vishaly/Desktop/my-blinkist-Backup/my-blinlist/src/components/atoms/IconButton/index.test.tsx">
    <testCase name="Icon Button Test Checking for search icon" duration="117"/>
    <testCase name="Icon Button Test Checking for dropdown icon" duration="27"/>
  </file>
  <file path="/home/vishaly/Desktop/my-blinkist-Backup/my-blinlist/src/components/atoms/Button/index.test.tsx">
    <testCase name="Button Test Button with start icon and text" duration="148"/>
    <testCase name="Button Test Button with end icon and text" duration="49"/>
    <testCase name="Button Test Button with Text" duration="39"/>
  </file>
  <file path="/home/vishaly/Desktop/my-blinkist-Backup/my-blinlist/src/components/molecules/FooterNav/index.test.tsx">
    <testCase name="Footer Nav Test Editorial test" duration="78"/>
    <testCase name="Footer Nav Test Useful links test" duration="22"/>
    <testCase name="Footer Nav Test Company test" duration="30"/>
  </file>
  <file path="/home/vishaly/Desktop/my-blinkist-Backup/my-blinlist/src/components/organisms/Card/index.test.tsx">
    <testCase name="Card test Finished card test" duration="170"/>
    <testCase name="Card test Read again card test" duration="95"/>
    <testCase name="Card test Add To Library card test" duration="78"/>
  </file>
  <file path="/home/vishaly/Desktop/my-blinkist-Backup/my-blinlist/src/components/organisms/BookCategories/index.test.tsx">
    <testCase name="Book categories test Trending test" duration="469"/>
    <testCase name="Book categories test Featured test" duration="234"/>
    <testCase name="Book categories test Just Added test" duration="227"/>
  </file>
  <file path="/home/vishaly/Desktop/my-blinkist-Backup/my-blinlist/src/components/organisms/BookDescription/index.test.tsx">
    <testCase name="Book Description Test Test" duration="659"/>
  </file>
  <file path="/home/vishaly/Desktop/my-blinkist-Backup/my-blinlist/src/components/organisms/AboutBook/index.test.tsx">
    <testCase name="About book testing Testing for tabs" duration="135"/>
  </file>
  <file path="/home/vishaly/Desktop/my-blinkist-Backup/my-blinlist/src/components/organisms/Header/index.test.tsx">
    <testCase name="Header test Existence test" duration="347"/>
  </file>
  <file path="/home/vishaly/Desktop/my-blinkist-Backup/my-blinlist/src/components/organisms/ExtendedNav/index.test.tsx">
    <testCase name="Extended Nav Test Nav test" duration="323"/>
  </file>
  <file path="/home/vishaly/Desktop/my-blinkist-Backup/my-blinlist/src/components/templates/BookDetails/index.test.tsx">
    <testCase name="Book Details Template Test Should exist" duration="401"/>
  </file>
  <file path="/home/vishaly/Desktop/my-blinkist-Backup/my-blinlist/src/components/molecules/IconAndText/index.test.tsx">
    <testCase name="Icon And Text test User test" duration="68"/>
  </file>
  <file path="/home/vishaly/Desktop/my-blinkist-Backup/my-blinlist/src/components/atoms/Icon/index.test.tsx">
    <testCase name="Display logo Should display logo" duration="54"/>
  </file>
  <file path="/home/vishaly/Desktop/my-blinkist-Backup/my-blinlist/src/components/organisms/Tabs/index.test.tsx">
    <testCase name="Tabs test Is finished test" duration="165"/>
  </file>
  <file path="/home/vishaly/Desktop/my-blinkist-Backup/my-blinlist/src/components/atoms/ProgressBar/index.test.tsx">
    <testCase name="Unit Test - Progress Bar" duration="44"/>
  </file>
  <file path="/home/vishaly/Desktop/my-blinkist-Backup/my-blinlist/src/components/molecules/Dropdown/index.test.tsx">
    <testCase name="Dropdown test Explore dropdown test" duration="50"/>
    <testCase name="Dropdown test Account dropdown test" duration="8"/>
  </file>
  <file path="/home/vishaly/Desktop/my-blinkist-Backup/my-blinlist/src/components/molecules/SearchBar/index.test.tsx">
    <testCase name="Search bar test Search bar" duration="56"/>
  </file>
  <file path="/home/vishaly/Desktop/my-blinkist-Backup/my-blinlist/src/components/atoms/Avatar/index.test.tsx">
    <testCase name="Unit Test - Avatar" duration="24"/>
  </file>
  <file path="/home/vishaly/Desktop/my-blinkist-Backup/my-blinlist/src/components/molecules/Tabs/index.test.tsx">
    <testCase name="Tabs Test test the tabs" duration="98"/>
  </file>
  <file path="/home/vishaly/Desktop/my-blinkist-Backup/my-blinlist/src/components/organisms/Footer/index.test.tsx">
    <testCase name="Footer test Testing for data" duration="89"/>
  </file>
  <file path="/home/vishaly/Desktop/my-blinkist-Backup/my-blinlist/src/components/molecules/Banner/index.test.tsx">
    <testCase name="Banner test Banner checking" duration="30"/>
  </file>
</testExecutions>